[www.andyhooke.co.uk/index.html]
[backblue.gif]
[fade.gif]
[index.html]
[uploads-ssl.webflow.com/62c435401c8f7261df7dac30/css/andy-hooke.webflow.c71e512a3.min.css]
[uploads-ssl.webflow.com/62c435401c8f7261df7dac30/62c7f9a6462fce4fe946773a_Andy-Hooke-icon-small.png]
[uploads-ssl.webflow.com/62c435401c8f7261df7dac30/62c7f9ab12d1ac38f2731c28_Andy-Hooke-icon-large.png]
[cdn.usefathom.com/script.js]
[uploads-ssl.webflow.com/62c435401c8f7261df7dac30/62c7f86e12d1acb4787312ab_Andy-Hooke-pfp-crop-small.jpg]
[www.andyhooke.co.uk/get-started.html]
[uploads-ssl.webflow.com/62c435401c8f7261df7dac30/62c6bb066902bfc92596d8dd_concept-hero (1).jpg]
[uploads-ssl.webflow.com/62c435401c8f7261df7dac30/62c47e2a9cc59548dedc7e9c_Landing Fox Logo.png]
[uploads-ssl.webflow.com/62c435401c8f7261df7dac30/62c47e2a4720fe33f10bd88f_parkvestors-logo.png]
[uploads-ssl.webflow.com/62c435401c8f7261df7dac30/62c47e2aee2b66dbf7cd2b47_Switch4Good logo.png]
[uploads-ssl.webflow.com/62c435401c8f7261df7dac30/62c47e3191478f0f08a8ae7e_Gaia Guru Logo.png]
[uploads-ssl.webflow.com/62c435401c8f7261df7dac30/62c47e2abd976733e34cb120_Enpointe logo.png]
[uploads-ssl.webflow.com/62c435401c8f7261df7dac30/62c6ad795485d9798c010c64_Whyme-1.jpg]
[uploads-ssl.webflow.com/62c435401c8f7261df7dac30/62c6ad7a21ecca96139665f4_Whyme-2.jpg]
[uploads-ssl.webflow.com/62c435401c8f7261df7dac30/62c8219c9e4d8aa0b85f9a16_Group 56 (1).jpg]
[uploads-ssl.webflow.com/62c435401c8f7261df7dac30/62c6ad7aa468945bb99b5650_Whyme-3.jpg]
[uploads-ssl.webflow.com/62c435401c8f7261df7dac30/62c6c0de9909cbb7bc80092a_Frame 144.jpg]
[uploads-ssl.webflow.com/62c435401c8f7261df7dac30/62c6c0dfc2bb300a564d4101_Frame 146.jpg]
[uploads-ssl.webflow.com/62c435401c8f7261df7dac30/62c8046ab73073b53c0658ad_Frame 145 (1).jpg]
[uploads-ssl.webflow.com/62c435401c8f7261df7dac30/62c6c0de3ffbaf5e894f8d06_Frame 147.jpg]
[uploads-ssl.webflow.com/62c435401c8f7261df7dac30/62c486ce9e39e99cc242b5f0_Dotsie-Bausch.jpg]
[uploads-ssl.webflow.com/62c435401c8f7261df7dac30/62c54d5d284529c705f2df33_Landing-fox_mockup-1 (1).jpg]
[uploads-ssl.webflow.com/62c435401c8f7261df7dac30/62c54d6c7bde1a4724b69d93_Landing-fox_mockup-2 (1).jpg]
[uploads-ssl.webflow.com/62c435401c8f7261df7dac30/6357bb8ee5d1b1e0ee7e3fb4_Ritten - Homepage 1 (1).jpg]
[uploads-ssl.webflow.com/62c435401c8f7261df7dac30/6357bb99beb8522af712f7d1_Ritten - Homepage 2 (1).jpg]
[uploads-ssl.webflow.com/62c435401c8f7261df7dac30/62c55050fec1eb563c6addcd_Parkvestors_mockup-1 (1).jpg]
[uploads-ssl.webflow.com/62c435401c8f7261df7dac30/62c5505cc0a9c07c12c15303_Parkvestors_mockup-2 (1).jpg]
[uploads-ssl.webflow.com/62c435401c8f7261df7dac30/62c46d3ae9b4cb4ee2d23ae6_download.jpg]
[uploads-ssl.webflow.com/62c435401c8f7261df7dac30/6357bc2d0885c217e4fb972d_631706a200a149459b8d4393_noah (1).jpg]
[uploads-ssl.webflow.com/62c435401c8f7261df7dac30/62c486ce62bdd068c456193f_tara-heaton.jpg]
[uploads-ssl.webflow.com/62c435401c8f7261df7dac30/62c486d12f95d4361db3d415_Rory-Batt.jpg]
[uploads-ssl.webflow.com/62c435401c8f7261df7dac30/62c486d3087d6ff72e16e7ef_GDC-LOGO-2.jpg]
[uploads-ssl.webflow.com/62c435401c8f7261df7dac30/62c486ce17c8aa861237b979_tim.jpg]
[uploads-ssl.webflow.com/62c435401c8f7261df7dac30/62c486d83ec02a4391bf1745_julie.jpg]
[uploads-ssl.webflow.com/62c435401c8f7261df7dac30/62c486ce932621633def6adf_daniel-lonero.jpg]
[uploads-ssl.webflow.com/62c435401c8f7261df7dac30/62c486ce9d9a67aec5aabc35_aimee-j.jpg]
[d3e54v103j8qbb.cloudfront.net/js/jquery-3.5.1.min.dc5e7f18c87462.js]
[www.andyhooke.co.uk/index.html]
[uploads-ssl.webflow.com/62c435401c8f7261df7dac30/js/webflow.73fb2d2d6.js]
[uploads-ssl.webflow.com/62c435401c8f7261df7dac30/62c5acd6c07e3c25ed49ea71_624d5860b71355f93453ff75_grain.gif]
[uploads-ssl.webflow.com/62c435401c8f7261df7dac30/css/andy-hooke.webflow.c71e512a3.min.css]
[www.andyhooke.co.uk/get-started.html]
